C51 COMPILER V9.60.7.0   MAIN                                                              09/03/2024 17:11:14 PAGE 1   


C51 COMPILER V9.60.7.0, COMPILATION OF MODULE MAIN
OBJECT MODULE PLACED IN .\Objects\main.obj
COMPILER INVOKED BY: C:\Keil_v5\C51\BIN\C51.EXE main.c OPTIMIZE(8,SPEED) BROWSE DEBUG OBJECTEXTEND PRINT(.\Listings\main
                    -.lst) TABS(2) OBJECT(.\Objects\main.obj)

line level    source

   1          #include <REGX52.H>
   2          #include "..\lib\delay.h"
   3          
   4          unsigned char code Code7Seg[] = {0xC0, 0xF9, 0xA4, 0xB0, 0x99, 0x92, 0x82, 0xF8, 0x80, 0x90};
   5          #define ledPort P2
   6          sbit green = P0^0;
   7          sbit yellow = P0^1;
   8          sbit red = P0^2;
   9          sbit seg1 = P3^0;
  10          sbit seg2 = P3^1;
  11          
  12          void main(){
  13   1        int count,i;
  14   1        green = 0;
  15   1        yellow = 0;
  16   1        red = 0;
  17   1        while(1){
  18   2          //green
  19   2          green = 1;
  20   2          for(count=60;count>=0;count--){
  21   3            for(i=0;i<500;i++){
  22   4              //2ms
  23   4              ledPort = Code7Seg[count%10];
  24   4              seg2 = 0;
  25   4              delay_ms(1); //1ms
  26   4              seg2 = 1;
  27   4              
  28   4              ledPort = Code7Seg[count/10];
  29   4              seg1 = 0;
  30   4              delay_ms(1); //1ms
  31   4              seg1 = 1;
  32   4            }
  33   3          }
  34   2          green = 0;
  35   2          //yellow
  36   2          yellow = 1;
  37   2          for(count=5;count>=0;count--){
  38   3            for(i=0;i<500;i++){
  39   4              //2ms
  40   4              ledPort = Code7Seg[count%10];
  41   4              seg2 = 0;
  42   4              delay_ms(1); //1ms
  43   4              seg2 = 1;
  44   4              
  45   4              ledPort = Code7Seg[count/10];
  46   4              seg1 = 0;
  47   4              delay_ms(1); //1ms
  48   4              seg1 = 1;
  49   4            }
  50   3          }
  51   2          yellow = 0;
  52   2          //red
  53   2          red = 1;
  54   2          for(count=60;count>=0;count--){
C51 COMPILER V9.60.7.0   MAIN                                                              09/03/2024 17:11:14 PAGE 2   

  55   3            for(i=0;i<500;i++){
  56   4              //2ms
  57   4              ledPort = Code7Seg[count%10];
  58   4              seg2 = 0;
  59   4              delay_ms(1); //1ms
  60   4              seg2 = 1;
  61   4              
  62   4              ledPort = Code7Seg[count/10];
  63   4              seg1 = 0;
  64   4              delay_ms(1); //1ms
  65   4              seg1 = 1;
  66   4            }
  67   3          }
  68   2          red = 0;
  69   2        }
  70   1      }


MODULE INFORMATION:   STATIC OVERLAYABLE
   CODE SIZE        =    378    ----
   CONSTANT SIZE    =     10    ----
   XDATA SIZE       =   ----    ----
   PDATA SIZE       =   ----    ----
   DATA SIZE        =   ----       4
   IDATA SIZE       =   ----    ----
   BIT SIZE         =   ----    ----
END OF MODULE INFORMATION.


C51 COMPILATION COMPLETE.  0 WARNING(S),  0 ERROR(S)
